This is pdfTeX, Version 3.1415926-2.3-1.40.12 (MiKTeX 2.9 64-bit) (preloaded format=pdflatex 2013.4.6)  15 APR 2013 12:44
entering extended mode
**boek.tex

("C:\xampp\htdocs\sites\all\modules\custom\documenten\Scriptie in LaTeX\boek.te
x"
LaTeX2e <2011/06/27>
Babel <v3.8m> and hyphenation patterns for english, afrikaans, ancientgreek, ar
abic, armenian, assamese, basque, bengali, bokmal, bulgarian, catalan, coptic, 
croatian, czech, danish, dutch, esperanto, estonian, farsi, finnish, french, ga
lician, german, german-x-2009-06-19, greek, gujarati, hindi, hungarian, iceland
ic, indonesian, interlingua, irish, italian, kannada, kurmanji, lao, latin, lat
vian, lithuanian, malayalam, marathi, mongolian, mongolianlmc, monogreek, ngerm
an, ngerman-x-2009-06-19, nynorsk, oriya, panjabi, pinyin, polish, portuguese, 
romanian, russian, sanskrit, serbian, slovak, slovenian, spanish, swedish, swis
sgerman, tamil, telugu, turkish, turkmen, ukenglish, ukrainian, uppersorbian, u
senglishmax, welsh, loaded.
("C:\Program Files\MiKTeX 2.9\tex\latex\base\book.cls"
Document Class: book 2007/10/19 v1.4h Standard LaTeX document class
("C:\Program Files\MiKTeX 2.9\tex\latex\base\bk11.clo"
File: bk11.clo 2007/10/19 v1.4h Standard LaTeX file (size option)
)
\c@part=\count79
\c@chapter=\count80
\c@section=\count81
\c@subsection=\count82
\c@subsubsection=\count83
\c@paragraph=\count84
\c@subparagraph=\count85
\c@figure=\count86
\c@table=\count87
\abovecaptionskip=\skip41
\belowcaptionskip=\skip42
\bibindent=\dimen102
)
("C:\Program Files\MiKTeX 2.9\tex\generic\babel\babel.sty"
Package: babel 2008/07/08 v3.8m The Babel package

*************************************
* Local config file bblopts.cfg used
*
("C:\Program Files\MiKTeX 2.9\tex\latex\00miktex\bblopts.cfg"
File: bblopts.cfg 2006/07/31 v1.0 MiKTeX 'babel' configuration
)
("C:\Program Files\MiKTeX 2.9\tex\generic\babel\english.ldf"
Language: english 2005/03/30 v3.3o English support from the babel system

("C:\Program Files\MiKTeX 2.9\tex\generic\babel\babel.def"
File: babel.def 2008/07/08 v3.8m Babel common definitions
\babel@savecnt=\count88
\U@D=\dimen103
)
\l@canadian = a dialect from \language\l@american 
\l@australian = a dialect from \language\l@british 
\l@newzealand = a dialect from \language\l@british 
)
("C:\Program Files\MiKTeX 2.9\tex\generic\babel\dutch.ldf"
Language: dutch 2005/03/30 v3.8i Dutch support from the babel system
Package babel Info: Making " an active character on input line 132.
))
("C:\Program Files\MiKTeX 2.9\tex\latex\nomencl\nomencl.sty"
Package: nomencl 2005/09/22 v4.2 Nomenclature package (LN)
\nomlabelwidth=\dimen104
\nom@tempdim=\dimen105
\nomitemsep=\skip43
)
("C:\Program Files\MiKTeX 2.9\tex\latex\wrapfig\wrapfig.sty"
\wrapoverhang=\dimen106
\WF@size=\dimen107
\c@WF@wrappedlines=\count89
\WF@box=\box26
\WF@everypar=\toks14
Package: wrapfig 2003/01/31  v 3.6
)
\@nomenclaturefile=\write3

Writing nomenclature file boek.nlo
\@indexfile=\write4
Writing index file boek.idx
("C:\Program Files\MiKTeX 2.9\tex\latex\caption\caption.sty"
Package: caption 2013/02/03 v3.3-65 Customizing captions (AR)

("C:\Program Files\MiKTeX 2.9\tex\latex\caption\caption3.sty"
Package: caption3 2013/02/03 v1.5-62 caption3 kernel (AR)

("C:\Program Files\MiKTeX 2.9\tex\latex\graphics\keyval.sty"
Package: keyval 1999/03/16 v1.13 key=value parser (DPC)
\KV@toks@=\toks15
)
\captionmargin=\dimen108
\captionmargin@=\dimen109
\captionwidth=\dimen110
\caption@tempdima=\dimen111
\caption@indent=\dimen112
\caption@parindent=\dimen113
\caption@hangindent=\dimen114
)
\c@ContinuedFloat=\count90
Package caption Info: wrapfig package is loaded.
)
("C:\Program Files\MiKTeX 2.9\tex\latex\caption\subcaption.sty"
Package: subcaption 2013/02/03 v1.1-62 Sub-captions (AR)
\c@subfigure=\count91
\c@subtable=\count92
)
("C:\Program Files\MiKTeX 2.9\tex\latex\fancyhdr\fancyhdr.sty"
\fancy@headwidth=\skip44
\f@ncyO@elh=\skip45
\f@ncyO@erh=\skip46
\f@ncyO@olh=\skip47
\f@ncyO@orh=\skip48
\f@ncyO@elf=\skip49
\f@ncyO@erf=\skip50
\f@ncyO@olf=\skip51
\f@ncyO@orf=\skip52
)
("C:\Program Files\MiKTeX 2.9\tex\latex\graphics\graphicx.sty"
Package: graphicx 1999/02/16 v1.0f Enhanced LaTeX Graphics (DPC,SPQR)

("C:\Program Files\MiKTeX 2.9\tex\latex\graphics\graphics.sty"
Package: graphics 2009/02/05 v1.0o Standard LaTeX Graphics (DPC,SPQR)

("C:\Program Files\MiKTeX 2.9\tex\latex\graphics\trig.sty"
Package: trig 1999/03/16 v1.09 sin cos tan (DPC)
)
("C:\Program Files\MiKTeX 2.9\tex\latex\00miktex\graphics.cfg"
File: graphics.cfg 2007/01/18 v1.5 graphics configuration of teTeX/TeXLive
)
Package graphics Info: Driver file: pdftex.def on input line 91.

("C:\Program Files\MiKTeX 2.9\tex\latex\pdftex-def\pdftex.def"
File: pdftex.def 2011/05/27 v0.06d Graphics/color for pdfTeX

("C:\Program Files\MiKTeX 2.9\tex\generic\oberdiek\infwarerr.sty"
Package: infwarerr 2010/04/08 v1.3 Providing info/warning/error messages (HO)
)
("C:\Program Files\MiKTeX 2.9\tex\generic\oberdiek\ltxcmds.sty"
Package: ltxcmds 2011/11/09 v1.22 LaTeX kernel commands for general use (HO)
)
\Gread@gobject=\count93
))
\Gin@req@height=\dimen115
\Gin@req@width=\dimen116
)

Package Fancyhdr Warning: \fancyhead's `E' option without twoside option is use
less on input line 49.


Package Fancyhdr Warning: \fancyhead's `E' option without twoside option is use
less on input line 51.


("C:\xampp\htdocs\sites\all\modules\custom\documenten\Scriptie in LaTeX\boek.au
x"
("C:\xampp\htdocs\sites\all\modules\custom\documenten\Scriptie in LaTeX\titel.a
ux")
("C:\xampp\htdocs\sites\all\modules\custom\documenten\Scriptie in LaTeX\titel.a
ux")
("C:\xampp\htdocs\sites\all\modules\custom\documenten\Scriptie in LaTeX\voorwoo
rd.aux")
("C:\xampp\htdocs\sites\all\modules\custom\documenten\Scriptie in LaTeX\overzic
ht.aux")
("C:\xampp\htdocs\sites\all\modules\custom\documenten\Scriptie in LaTeX\afkorti
ngen.aux")
("C:\xampp\htdocs\sites\all\modules\custom\documenten\Scriptie in LaTeX\Inleidi
ng.aux")
("C:\xampp\htdocs\sites\all\modules\custom\documenten\Scriptie in LaTeX\CoAP.au
x")
("C:\xampp\htdocs\sites\all\modules\custom\documenten\Scriptie in LaTeX\Drupal.
aux")
("C:\xampp\htdocs\sites\all\modules\custom\documenten\Scriptie in LaTeX\CoAPLib
raryModule.aux")
("C:\xampp\htdocs\sites\all\modules\custom\documenten\Scriptie in LaTeX\CoAPRes
ourceModule.aux")
("C:\xampp\htdocs\sites\all\modules\custom\documenten\Scriptie in LaTeX\Arduino
.aux")
("C:\xampp\htdocs\sites\all\modules\custom\documenten\Scriptie in LaTeX\referen
ties.aux"))
LaTeX Font Info:    Checking defaults for OML/cmm/m/it on input line 71.
LaTeX Font Info:    ... okay on input line 71.
LaTeX Font Info:    Checking defaults for T1/cmr/m/n on input line 71.
LaTeX Font Info:    ... okay on input line 71.
LaTeX Font Info:    Checking defaults for OT1/cmr/m/n on input line 71.
LaTeX Font Info:    ... okay on input line 71.
LaTeX Font Info:    Checking defaults for OMS/cmsy/m/n on input line 71.
LaTeX Font Info:    ... okay on input line 71.
LaTeX Font Info:    Checking defaults for OMX/cmex/m/n on input line 71.
LaTeX Font Info:    ... okay on input line 71.
LaTeX Font Info:    Checking defaults for U/cmr/m/n on input line 71.
LaTeX Font Info:    ... okay on input line 71.
Package caption Info: Begin \AtBeginDocument code.
Package caption Info: End \AtBeginDocument code.
 ("C:\Program Files\MiKTeX 2.9\tex\context\base\supp-pdf.mkii"
[Loading MPS to PDF converter (version 2006.09.02).]
\scratchcounter=\count94
\scratchdimen=\dimen117
\scratchbox=\box27
\nofMPsegments=\count95
\nofMParguments=\count96
\everyMPshowfont=\toks16
\MPscratchCnt=\count97
\MPscratchDim=\dimen118
\MPnumerator=\count98
\makeMPintoPDFobject=\count99
\everyMPtoPDFconversion=\toks17
)
("C:\xampp\htdocs\sites\all\modules\custom\documenten\Scriptie in LaTeX\titel.t
ex" <fig/hogentLogo.jpg, id=1, 702.625pt x 281.05pt>
File: fig/hogentLogo.jpg Graphic file (type jpg)
 <use fig/hogentLogo.jpg>
Package pdftex.def Info: fig/hogentLogo.jpg used on input line 24.
(pdftex.def)             Requested size: 284.5294pt x 113.81102pt.
Missing character: There is no Ã in font cmr12!
Missing character: There is no « in font cmr12!

[1



{C:/ProgramData/MiKTeX/2.9/pdftex/config/pdftex.map} <C:/xampp/htdocs/sites/all
/modules/custom/documenten/Scriptie in LaTeX/fig/hogentLogo.jpg>]) [1

]
("C:\xampp\htdocs\sites\all\modules\custom\documenten\Scriptie in LaTeX\titel.t
ex"
File: fig/hogentLogo.jpg Graphic file (type jpg)
 <use fig/hogentLogo.jpg>
Package pdftex.def Info: fig/hogentLogo.jpg used on input line 24.
(pdftex.def)             Requested size: 284.5294pt x 113.81102pt.
Missing character: There is no Ã in font cmr12!
Missing character: There is no « in font cmr12!
 [1


])
("C:\xampp\htdocs\sites\all\modules\custom\documenten\Scriptie in LaTeX\voorwoo
rd.tex" [1


]) [2]
("C:\xampp\htdocs\sites\all\modules\custom\documenten\Scriptie in LaTeX\overzic
ht.tex" [3


])
("C:\xampp\htdocs\sites\all\modules\custom\documenten\Scriptie in LaTeX\boek.to
c"
LaTeX Font Info:    External font `cmex10' loaded for size
(Font)              <10.95> on input line 5.
LaTeX Font Info:    External font `cmex10' loaded for size
(Font)              <8> on input line 5.
LaTeX Font Info:    External font `cmex10' loaded for size
(Font)              <6> on input line 5.


Package Fancyhdr Warning: \fancyhead's `E' option without twoside option is use
less on input line 57.


Package Fancyhdr Warning: \fancyhead's `E' option without twoside option is use
less on input line 57.

[1



])
\tf@toc=\write5
 [2]
("C:\xampp\htdocs\sites\all\modules\custom\documenten\Scriptie in LaTeX\afkorti
ngen.tex"
("C:\xampp\htdocs\sites\all\modules\custom\documenten\Scriptie in LaTeX\boek.nl
s")

Package Fancyhdr Warning: \fancyhead's `E' option without twoside option is use
less on input line 3.


Package Fancyhdr Warning: \fancyhead's `E' option without twoside option is use
less on input line 3.

[3


] [4])
("C:\xampp\htdocs\sites\all\modules\custom\documenten\Scriptie in LaTeX\Inleidi
ng.tex"
Hoofdstuk 1.

Underfull \hbox (badness 10000) in paragraph at lines 3--5

 []

<fig/InternetOfThings.png, id=40, 531.9875pt x 299.1175pt>
File: fig/InternetOfThings.png Graphic file (type png)

<use fig/InternetOfThings.png>
Package pdftex.def Info: fig/InternetOfThings.png used on input line 8.
(pdftex.def)             Requested size: 218.51521pt x 122.86261pt.
Missing character: There is no â in font cmr10!
Missing character: There is no € in font cmr10!
Missing character: There is no ˜ in font cmr10!
Missing character: There is no â in font cmr10!
Missing character: There is no € in font cmr10!
Missing character: There is no ™ in font cmr10!


Package Fancyhdr Warning: \fancyhead's `E' option without twoside option is use
less on input line 20.


Package Fancyhdr Warning: \fancyhead's `E' option without twoside option is use
less on input line 20.

[1




 <C:/xampp/htdocs/sites/all/modules/custom/documenten/Scriptie in LaTeX/fig/Int
ernetOfThings.png>]
Missing character: There is no â in font cmr10!
Missing character: There is no € in font cmr10!
Missing character: There is no ¦ in font cmr10!

Underfull \hbox (badness 10000) in paragraph at lines 24--25

 []


Underfull \hbox (badness 10000) in paragraph at lines 26--27

 []

[2]
Underfull \hbox (badness 10000) in paragraph at lines 29--31

 []

[3]) [4] [5]
("C:\xampp\htdocs\sites\all\modules\custom\documenten\Scriptie in LaTeX\CoAP.te
x"
Hoofdstuk 2.

Underfull \hbox (badness 10000) in paragraph at lines 7--8

 []


Underfull \hbox (badness 10000) in paragraph at lines 9--11

 []


Package Fancyhdr Warning: \fancyhead's `E' option without twoside option is use
less on input line 11.


Package Fancyhdr Warning: \fancyhead's `E' option without twoside option is use
less on input line 11.

[6



] <fig/CoAPLaag.png, id=61, 299.61937pt x 194.97844pt>
File: fig/CoAPLaag.png Graphic file (type png)

<use fig/CoAPLaag.png>
Package pdftex.def Info: fig/CoAPLaag.png used on input line 14.
(pdftex.def)             Requested size: 227.62204pt x 148.12862pt.

<fig/CoAPMessageFormat.png, id=62, 428.35031pt x 142.28156pt>
File: fig/CoAPMessageFormat.png Graphic file (type png)

<use fig/CoAPMessageFormat.png>
Package pdftex.def Info: fig/CoAPMessageFormat.png used on input line 26.
(pdftex.def)             Requested size: 318.66946pt x 105.849pt.

Underfull \hbox (badness 2020) in paragraph at lines 32--34
[]\OT1/cmr/m/n/10.95 Om een mi-ni-male over-
 []


Underfull \hbox (badness 10000) in paragraph at lines 35--36

 []

[7 <C:/xampp/htdocs/sites/all/modules/custom/documenten/Scriptie in LaTeX/fig/C
oAPLaag.png> <C:/xampp/htdocs/sites/all/modules/custom/documenten/Scriptie in L
aTeX/fig/CoAPMessageFormat.png>]
LaTeX Font Info:    Try loading font information for OMS+cmr on input line 41.

("C:\Program Files\MiKTeX 2.9\tex\latex\base\omscmr.fd"
File: omscmr.fd 1999/05/25 v2.5h Standard LaTeX font definitions
)
LaTeX Font Info:    Font shape `OMS/cmr/m/n' in size <10.95> not available
(Font)              Font shape `OMS/cmsy/m/n' tried instead on input line 41.
 [8]
<fig/CoAPOpties.png, id=70, 322.20375pt x 280.79906pt>
File: fig/CoAPOpties.png Graphic file (type png)

<use fig/CoAPOpties.png>
Package pdftex.def Info: fig/CoAPOpties.png used on input line 70.
(pdftex.def)             Requested size: 273.14922pt x 238.05905pt.
 [9 <C:/xampp/htdocs/sites/all/modules/custom/documenten/Scriptie in LaTeX/fig/
CoAPOpties.png>]
<fig/HTTPRequestMessageFormat.jpeg, id=75, 572.89032pt x 338.76563pt>
File: fig/HTTPRequestMessageFormat.jpeg Graphic file (type jpg)

<use fig/HTTPRequestMessageFormat.jpeg>
Package pdftex.def Info: fig/HTTPRequestMessageFormat.jpeg used on input line 9
1.
(pdftex.def)             Requested size: 204.85844pt x 121.1388pt.

<fig/HTTPResponseMessageFormat.jpeg, id=76, 763.85374pt x 451.6875pt>
File: fig/HTTPResponseMessageFormat.jpeg Graphic file (type jpg)

<use fig/HTTPResponseMessageFormat.jpeg>
Package pdftex.def Info: fig/HTTPResponseMessageFormat.jpeg used on input line 
93.
(pdftex.def)             Requested size: 204.85844pt x 121.13707pt.
 [10 <C:/xampp/htdocs/sites/all/modules/custom/documenten/Scriptie in LaTeX/fig
/HTTPRequestMessageFormat.jpeg> <C:/xampp/htdocs/sites/all/modules/custom/docum
enten/Scriptie in LaTeX/fig/HTTPResponseMessageFormat.jpeg (PNG copy)>]
<fig/CoAPConfirmable.png, id=80, 241.65282pt x 148.30406pt>
File: fig/CoAPConfirmable.png Graphic file (type png)

<use fig/CoAPConfirmable.png>
Package pdftex.def Info: fig/CoAPConfirmable.png used on input line 111.
(pdftex.def)             Requested size: 136.5746pt x 83.81909pt.

Underfull \hbox (badness 6188) in paragraph at lines 113--113
[]\OT1/cmr/bx/n/10 Figuur 2.5: |\OT1/cmr/m/it/10 Be-trouw-bare
 []


Underfull \hbox (badness 7362) in paragraph at lines 113--113
\OT1/cmr/m/it/10 be-richt-ui-wis-se-ling (CoAP 14
 []

<fig/CoAPNonConfirmable.png, id=81, 243.91125pt x 94.85437pt>
File: fig/CoAPNonConfirmable.png Graphic file (type png)

<use fig/CoAPNonConfirmable.png>
Package pdftex.def Info: fig/CoAPNonConfirmable.png used on input line 122.
(pdftex.def)             Requested size: 136.5746pt x 53.11229pt.

Underfull \hbox (badness 1005) in paragraph at lines 124--124
[]\OT1/cmr/bx/n/10 Figuur 2.6: |\OT1/cmr/m/it/10 On-be-trouw-bare
 []


Underfull \hbox (badness 7362) in paragraph at lines 124--124
\OT1/cmr/m/it/10 be-richt-ui-wis-se-ling (CoAP 14
 []

[11 <C:/xampp/htdocs/sites/all/modules/custom/documenten/Scriptie in LaTeX/fig/
CoAPConfirmable.png>]
<fig/CoAPPiggyBacked.png, id=85, 547.2947pt x 233.37187pt>
File: fig/CoAPPiggyBacked.png Graphic file (type png)

<use fig/CoAPPiggyBacked.png>
Package pdftex.def Info: fig/CoAPPiggyBacked.png used on input line 138.
(pdftex.def)             Requested size: 318.66946pt x 135.88635pt.

<fig/CoAPSeperateResponse.png, id=86, 252.19218pt x 354.57469pt>
File: fig/CoAPSeperateResponse.png Graphic file (type png)

<use fig/CoAPSeperateResponse.png>
Package pdftex.def Info: fig/CoAPSeperateResponse.png used on input line 149.
(pdftex.def)             Requested size: 136.5746pt x 192.01933pt.

Underfull \hbox (badness 2401) in paragraph at lines 151--151
[]\OT1/cmr/bx/n/10 Figuur 2.8: |\OT1/cmr/m/it/10 GET re-quest
 []

[12 <C:/xampp/htdocs/sites/all/modules/custom/documenten/Scriptie in LaTeX/fig/
CoAPNonConfirmable.png> <C:/xampp/htdocs/sites/all/modules/custom/documenten/Sc
riptie in LaTeX/fig/CoAPPiggyBacked.png> <C:/xampp/htdocs/sites/all/modules/cus
tom/documenten/Scriptie in LaTeX/fig/CoAPSeperateResponse.png>]) [13]
("C:\xampp\htdocs\sites\all\modules\custom\documenten\Scriptie in LaTeX\Drupal.
tex"
Hoofdstuk 3.
<fig/drupalLogo.png, id=93, 262.73157pt x 301.125pt>
File: fig/drupalLogo.png Graphic file (type png)
 <use fig/drupalLogo.png>
Package pdftex.def Info: fig/drupalLogo.png used on input line 10.
(pdftex.def)             Requested size: 136.5746pt x 156.53535pt.


Package Fancyhdr Warning: \fancyhead's `E' option without twoside option is use
less on input line 32.


Package Fancyhdr Warning: \fancyhead's `E' option without twoside option is use
less on input line 32.

[14



 <C:/xampp/htdocs/sites/all/modules/custom/documenten/Scriptie in LaTeX/fig/dru
palLogo.png>] <fig/watIsDrupal.png, id=97, 569.12625pt x 456.95718pt>
File: fig/watIsDrupal.png Graphic file (type png)

<use fig/watIsDrupal.png>
Package pdftex.def Info: fig/watIsDrupal.png used on input line 35.
(pdftex.def)             Requested size: 182.09485pt x 146.20836pt.

<fig/drupalBasiswebsite.png, id=98, 743.02594pt x 352.31625pt>
File: fig/drupalBasiswebsite.png Graphic file (type png)

<use fig/drupalBasiswebsite.png>
Package pdftex.def Info: fig/drupalBasiswebsite.png used on input line 55.
(pdftex.def)             Requested size: 455.24408pt x 215.86412pt.
 [15 <C:/xampp/htdocs/sites/all/modules/custom/documenten/Scriptie in LaTeX/fig
/watIsDrupal.png>] [16 <C:/xampp/htdocs/sites/all/modules/custom/documenten/Scr
iptie in LaTeX/fig/drupalBasiswebsite.png>]
Underfull \hbox (badness 10000) in paragraph at lines 79--80

 []


Underfull \hbox (badness 10000) in paragraph at lines 81--82

 []

[17] [18]
Overfull \hbox (0.14467pt too wide) in paragraph at lines 128--129
\OT1/cmr/m/n/10.95 Hooks zijn func-ties die ge-de-fi-ni-eerd zijn door de Dru-p
al core. Ze kun-nen wor-den ge[]mplementeerd
 []

[19] [20] [21] <fig/weermodule.png, id=122, 138.5175pt x 306.39468pt>
File: fig/weermodule.png Graphic file (type png)

<use fig/weermodule.png>
Package pdftex.def Info: fig/weermodule.png used on input line 168.
(pdftex.def)             Requested size: 136.5746pt x 302.09741pt.

Overfull \hbox (22.76358pt too wide) in paragraph at lines 166--172
 [] 
 []

[22 <C:/xampp/htdocs/sites/all/modules/custom/documenten/Scriptie in LaTeX/fig/
weermodule.png>])
Overfull \hbox (2.73715pt too wide) in paragraph at lines 221--116
[]\OT1/cmr/m/n/10.95 Bron: http://stackoverflow.com/questions/12683530/origin-h
ttp-localhost-is-not-allowed-by-
 []

[23]
("C:\xampp\htdocs\sites\all\modules\custom\documenten\Scriptie in LaTeX\CoAPLib
raryModule.tex"
Hoofdstuk 4.

Underfull \hbox (badness 10000) in paragraph at lines 7--8

 []


Underfull \hbox (badness 10000) in paragraph at lines 9--10

 []

<fig/contentTypeDatabank.png, id=129, 116.68594pt x 170.13562pt>
File: fig/contentTypeDatabank.png Graphic file (type png)

<use fig/contentTypeDatabank.png>
Package pdftex.def Info: fig/contentTypeDatabank.png used on input line 17.
(pdftex.def)             Requested size: 136.5746pt x 199.15651pt.


Package Fancyhdr Warning: \fancyhead's `E' option without twoside option is use
less on input line 29.


Package Fancyhdr Warning: \fancyhead's `E' option without twoside option is use
less on input line 29.

[24



 <C:/xampp/htdocs/sites/all/modules/custom/documenten/Scriptie in LaTeX/fig/con
tentTypeDatabank.png>]) [25]
("C:\xampp\htdocs\sites\all\modules\custom\documenten\Scriptie in LaTeX\CoAPRes
ourceModule.tex"
Hoofdstuk 5.

Underfull \hbox (badness 10000) in paragraph at lines 7--8

 []


Underfull \hbox (badness 10000) in paragraph at lines 9--10

 []


Underfull \hbox (badness 10000) in paragraph at lines 11--12

 []


Package Fancyhdr Warning: \fancyhead's `E' option without twoside option is use
less on input line 19.


Package Fancyhdr Warning: \fancyhead's `E' option without twoside option is use
less on input line 19.

[26



]
Missing character: There is no é in font cmr10!
Missing character: There is no é in font cmr10!

Underfull \hbox (badness 10000) in paragraph at lines 41--42

 []

[27]
<fig/TemperatuurModuleHTTPCOAPProxy.png, id=143, 455.45157pt x 259.7203pt>
File: fig/TemperatuurModuleHTTPCOAPProxy.png Graphic file (type png)

<use fig/TemperatuurModuleHTTPCOAPProxy.png>
Package pdftex.def Info: fig/TemperatuurModuleHTTPCOAPProxy.png used on input l
ine 47.
(pdftex.def)             Requested size: 455.24408pt x 259.60869pt.

Underfull \hbox (badness 10000) in paragraph at lines 55--56

 []


Underfull \hbox (badness 10000) in paragraph at lines 61--62

 []

[28 <C:/xampp/htdocs/sites/all/modules/custom/documenten/Scriptie in LaTeX/fig/
TemperatuurModuleHTTPCOAPProxy.png>]
Underfull \hbox (badness 10000) in paragraph at lines 63--64

 []


Underfull \hbox (badness 10000) in paragraph at lines 65--66

 []


Underfull \hbox (badness 10000) in paragraph at lines 71--72

 []


Underfull \hbox (badness 10000) in paragraph at lines 73--74

 []

Missing character: There is no é in font cmr10!
Missing character: There is no é in font cmr10!
Missing character: There is no é in font cmr10!
Missing character: There is no é in font cmr10!

Underfull \hbox (badness 10000) in paragraph at lines 79--80

 []

[29]
Underfull \hbox (badness 10000) in paragraph at lines 81--82

 []


Underfull \hbox (badness 10000) in paragraph at lines 83--84

 []


Underfull \hbox (badness 10000) in paragraph at lines 85--86

 []


Underfull \hbox (badness 10000) in paragraph at lines 87--89

 []


Underfull \hbox (badness 10000) in paragraph at lines 90--91

 []


Underfull \hbox (badness 10000) in paragraph at lines 96--97

 []

[30]
Underfull \hbox (badness 10000) in paragraph at lines 98--99

 []


Underfull \hbox (badness 10000) in paragraph at lines 100--101

 []


Underfull \hbox (badness 10000) in paragraph at lines 102--104

 []

) [31] [32]
("C:\xampp\htdocs\sites\all\modules\custom\documenten\Scriptie in LaTeX\Arduino
.tex"
Hoofdstuk 6.
)

Package Fancyhdr Warning: \fancyhead's `E' option without twoside option is use
less on input line 119.


Package Fancyhdr Warning: \fancyhead's `E' option without twoside option is use
less on input line 119.

[33



]
("C:\xampp\htdocs\sites\all\modules\custom\documenten\Scriptie in LaTeX\referen
ties.tex"
Missing character: There is no Ã in font cmr10!
Missing character: There is no § in font cmr10!
Missing character: There is no Ã in font cmr10!
Missing character: There is no © in font cmr10!
Missing character: There is no Ã in font cmr10!
Missing character: There is no © in font cmr10!
)

Package Fancyhdr Warning: \fancyhead's `E' option without twoside option is use
less on input line 127.


Package Fancyhdr Warning: \fancyhead's `E' option without twoside option is use
less on input line 127.

[34



]
("C:\xampp\htdocs\sites\all\modules\custom\documenten\Scriptie in LaTeX\boek.lo
f")
\tf@lof=\write6


Package Fancyhdr Warning: \fancyhead's `E' option without twoside option is use
less on input line 133.


Package Fancyhdr Warning: \fancyhead's `E' option without twoside option is use
less on input line 133.

[35



]
("C:\xampp\htdocs\sites\all\modules\custom\documenten\Scriptie in LaTeX\boek.lo
t")
\tf@lot=\write7


Package Fancyhdr Warning: \fancyhead's `E' option without twoside option is use
less on input line 139.


Package Fancyhdr Warning: \fancyhead's `E' option without twoside option is use
less on input line 139.

[36

]
("C:\xampp\htdocs\sites\all\modules\custom\documenten\Scriptie in LaTeX\boek.au
x"
("C:\xampp\htdocs\sites\all\modules\custom\documenten\Scriptie in LaTeX\titel.a
ux")
("C:\xampp\htdocs\sites\all\modules\custom\documenten\Scriptie in LaTeX\titel.a
ux")
("C:\xampp\htdocs\sites\all\modules\custom\documenten\Scriptie in LaTeX\voorwoo
rd.aux")
("C:\xampp\htdocs\sites\all\modules\custom\documenten\Scriptie in LaTeX\overzic
ht.aux")
("C:\xampp\htdocs\sites\all\modules\custom\documenten\Scriptie in LaTeX\afkorti
ngen.aux")
("C:\xampp\htdocs\sites\all\modules\custom\documenten\Scriptie in LaTeX\Inleidi
ng.aux")
("C:\xampp\htdocs\sites\all\modules\custom\documenten\Scriptie in LaTeX\CoAP.au
x")
("C:\xampp\htdocs\sites\all\modules\custom\documenten\Scriptie in LaTeX\Drupal.
aux")
("C:\xampp\htdocs\sites\all\modules\custom\documenten\Scriptie in LaTeX\CoAPLib
raryModule.aux")
("C:\xampp\htdocs\sites\all\modules\custom\documenten\Scriptie in LaTeX\CoAPRes
ourceModule.aux")
("C:\xampp\htdocs\sites\all\modules\custom\documenten\Scriptie in LaTeX\Arduino
.aux")
("C:\xampp\htdocs\sites\all\modules\custom\documenten\Scriptie in LaTeX\referen
ties.aux")) ) 
Here is how much of TeX's memory you used:
 3104 strings out of 494045
 52282 string characters out of 3148391
 100966 words of memory out of 3000000
 6277 multiletter control sequences out of 15000+200000
 11430 words of font info for 39 fonts, out of 3000000 for 9000
 717 hyphenation exceptions out of 8191
 36i,11n,47p,1059b,427s stack positions out of 5000i,500n,10000p,200000b,50000s
<C:/Program Files/MiKTeX 2.9/fonts/type1/public/amsfonts/cm/cmbx10
.pfb><C:/Program Files/MiKTeX 2.9/fonts/type1/public/amsfonts/cm/cmbx12.pfb><C:
/Program Files/MiKTeX 2.9/fonts/type1/public/amsfonts/cm/cmr10.pfb><C:/Program 
Files/MiKTeX 2.9/fonts/type1/public/amsfonts/cm/cmr12.pfb><C:/Program Files/MiK
TeX 2.9/fonts/type1/public/amsfonts/cm/cmss10.pfb><C:/Program Files/MiKTeX 2.9/
fonts/type1/public/amsfonts/cm/cmssi10.pfb><C:/Program Files/MiKTeX 2.9/fonts/t
ype1/public/amsfonts/cm/cmsy10.pfb><C:/Program Files/MiKTeX 2.9/fonts/type1/pub
lic/amsfonts/cm/cmti10.pfb>
Output written on boek.pdf (46 pages, 541599 bytes).
PDF statistics:
 200 PDF objects out of 1000 (max. 8388607)
 0 named destinations out of 1000 (max. 500000)
 86 words of extra memory for PDF output out of 10000 (max. 10000000)

